<?xml version="1.0" encoding="UTF-8"?>
<coverage generated="1498035613423" clover="3.2.0">
  <project timestamp="1498035613423" name="All files">
    <metrics statements="63" coveredstatements="63" conditionals="24" coveredconditionals="24" methods="25" coveredmethods="25" elements="112" coveredelements="112" complexity="0" loc="63" ncloc="63" packages="2" files="13" classes="13">
      <package name="src">
        <metrics statements="58" coveredstatements="58" conditionals="24" coveredconditionals="24" methods="25" coveredmethods="25"/>
        <file name="comment.js" path="/Users/kamilwisniewski/Documents/awesome-validation/src/comment.js">
          <metrics statements="1" coveredstatements="1" conditionals="0" coveredconditionals="0" methods="0" coveredmethods="0"/>
          <line num="4" count="2" type="stmt"/>
        </file>
        <file name="common.js" path="/Users/kamilwisniewski/Documents/awesome-validation/src/common.js">
          <metrics statements="16" coveredstatements="16" conditionals="12" coveredconditionals="12" methods="9" coveredmethods="9"/>
          <line num="10" count="6" type="stmt"/>
          <line num="11" count="119" type="cond" truecount="2" falsecount="0"/>
          <line num="14" count="6" type="stmt"/>
          <line num="15" count="28" type="stmt"/>
          <line num="16" count="62" type="stmt"/>
          <line num="19" count="28" type="cond" truecount="2" falsecount="0"/>
          <line num="22" count="55" type="stmt"/>
          <line num="23" count="79" type="cond" truecount="2" falsecount="0"/>
          <line num="26" count="6" type="stmt"/>
          <line num="28" count="6" type="stmt"/>
          <line num="29" count="6" type="stmt"/>
          <line num="31" count="8" type="stmt"/>
          <line num="34" count="6" type="stmt"/>
          <line num="37" count="6" type="stmt"/>
          <line num="38" count="6" type="stmt"/>
          <line num="40" count="6" type="stmt"/>
        </file>
        <file name="email.js" path="/Users/kamilwisniewski/Documents/awesome-validation/src/email.js">
          <metrics statements="2" coveredstatements="2" conditionals="0" coveredconditionals="0" methods="0" coveredmethods="0"/>
          <line num="7" count="2" type="stmt"/>
          <line num="9" count="2" type="stmt"/>
        </file>
        <file name="errorMessages.js" path="/Users/kamilwisniewski/Documents/awesome-validation/src/errorMessages.js">
          <metrics statements="0" coveredstatements="0" conditionals="0" coveredconditionals="0" methods="0" coveredmethods="0"/>
        </file>
        <file name="firstName.js" path="/Users/kamilwisniewski/Documents/awesome-validation/src/firstName.js">
          <metrics statements="1" coveredstatements="1" conditionals="0" coveredconditionals="0" methods="0" coveredmethods="0"/>
          <line num="3" count="1" type="stmt"/>
        </file>
        <file name="forbiddenAddresses.js" path="/Users/kamilwisniewski/Documents/awesome-validation/src/forbiddenAddresses.js">
          <metrics statements="0" coveredstatements="0" conditionals="0" coveredconditionals="0" methods="0" coveredmethods="0"/>
        </file>
        <file name="index.js" path="/Users/kamilwisniewski/Documents/awesome-validation/src/index.js">
          <metrics statements="10" coveredstatements="10" conditionals="6" coveredconditionals="6" methods="8" coveredmethods="8"/>
          <line num="21" count="6" type="stmt"/>
          <line num="24" count="11" type="cond" truecount="2" falsecount="0"/>
          <line num="28" count="6" type="stmt"/>
          <line num="31" count="10" type="cond" truecount="2" falsecount="0"/>
          <line num="35" count="1" type="stmt"/>
          <line num="36" count="10" type="cond" truecount="2" falsecount="0"/>
          <line num="39" count="6" type="stmt"/>
          <line num="40" count="6" type="stmt"/>
          <line num="42" count="6" type="stmt"/>
          <line num="47" count="4" type="stmt"/>
        </file>
        <file name="lastName.js" path="/Users/kamilwisniewski/Documents/awesome-validation/src/lastName.js">
          <metrics statements="1" coveredstatements="1" conditionals="0" coveredconditionals="0" methods="0" coveredmethods="0"/>
          <line num="3" count="1" type="stmt"/>
        </file>
        <file name="password.js" path="/Users/kamilwisniewski/Documents/awesome-validation/src/password.js">
          <metrics statements="1" coveredstatements="1" conditionals="0" coveredconditionals="0" methods="0" coveredmethods="0"/>
          <line num="5" count="2" type="stmt"/>
        </file>
        <file name="phone.js" path="/Users/kamilwisniewski/Documents/awesome-validation/src/phone.js">
          <metrics statements="2" coveredstatements="2" conditionals="0" coveredconditionals="0" methods="0" coveredmethods="0"/>
          <line num="6" count="2" type="stmt"/>
          <line num="8" count="2" type="stmt"/>
        </file>
        <file name="predicates.js" path="/Users/kamilwisniewski/Documents/awesome-validation/src/predicates.js">
          <metrics statements="11" coveredstatements="11" conditionals="4" coveredconditionals="4" methods="3" coveredmethods="3"/>
          <line num="3" count="6" type="stmt"/>
          <line num="4" count="6" type="stmt"/>
          <line num="5" count="6" type="stmt"/>
          <line num="6" count="6" type="stmt"/>
          <line num="8" count="6" type="stmt"/>
          <line num="9" count="6" type="stmt"/>
          <line num="11" count="6" type="stmt"/>
          <line num="12" count="6" type="stmt"/>
          <line num="13" count="12" type="cond" truecount="2" falsecount="0"/>
          <line num="16" count="6" type="stmt"/>
          <line num="17" count="3" type="cond" truecount="2" falsecount="0"/>
        </file>
        <file name="website.js" path="/Users/kamilwisniewski/Documents/awesome-validation/src/website.js">
          <metrics statements="13" coveredstatements="13" conditionals="2" coveredconditionals="2" methods="5" coveredmethods="5"/>
          <line num="7" count="2" type="stmt"/>
          <line num="8" count="275" type="stmt"/>
          <line num="10" count="2" type="stmt"/>
          <line num="11" count="6" type="stmt"/>
          <line num="13" count="18" type="stmt"/>
          <line num="16" count="2" type="stmt"/>
          <line num="17" count="7" type="cond" truecount="2" falsecount="0"/>
          <line num="18" count="1" type="stmt"/>
          <line num="21" count="6" type="stmt"/>
          <line num="24" count="2" type="stmt"/>
          <line num="25" count="2" type="stmt"/>
          <line num="26" count="2" type="stmt"/>
          <line num="28" count="2" type="stmt"/>
        </file>
      </package>
      <package name="src.regexes">
        <metrics statements="5" coveredstatements="5" conditionals="0" coveredconditionals="0" methods="0" coveredmethods="0"/>
        <file name="index.js" path="/Users/kamilwisniewski/Documents/awesome-validation/src/regexes/index.js">
          <metrics statements="5" coveredstatements="5" conditionals="0" coveredconditionals="0" methods="0" coveredmethods="0"/>
          <line num="1" count="6" type="stmt"/>
          <line num="2" count="6" type="stmt"/>
          <line num="3" count="6" type="stmt"/>
          <line num="4" count="6" type="stmt"/>
          <line num="5" count="6" type="stmt"/>
        </file>
      </package>
    </metrics>
  </project>
</coverage>
