{"/Users/kamilwisniewski/Documents/awesome-validation/src/comment.js": {"path":"/Users/kamilwisniewski/Documents/awesome-validation/src/comment.js","statementMap":{"0":{"start":{"line":4,"column":29},"end":{"line":7,"column":2}}},"fnMap":{},"branchMap":{},"s":{"0":2},"f":{},"b":{},"_coverageSchema":"332fd63041d2c1bcb487cc26dd0d5f7d97098a6c","hash":"41742030beb16409d1b3c16b3a13acf03ddc5f65"}
,"/Users/kamilwisniewski/Documents/awesome-validation/src/common.js": {"path":"/Users/kamilwisniewski/Documents/awesome-validation/src/common.js","statementMap":{"0":{"start":{"line":10,"column":21},"end":{"line":12,"column":2}},"1":{"start":{"line":11,"column":4},"end":{"line":11,"column":44}},"2":{"start":{"line":14,"column":29},"end":{"line":20,"column":2}},"3":{"start":{"line":15,"column":33},"end":{"line":17,"column":18}},"4":{"start":{"line":16,"column":8},"end":{"line":16,"column":41}},"5":{"start":{"line":19,"column":4},"end":{"line":19,"column":74}},"6":{"start":{"line":22,"column":26},"end":{"line":24,"column":1}},"7":{"start":{"line":22,"column":45},"end":{"line":24,"column":1}},"8":{"start":{"line":22,"column":76},"end":{"line":24,"column":1}},"9":{"start":{"line":23,"column":4},"end":{"line":23,"column":69}},"10":{"start":{"line":26,"column":27},"end":{"line":26,"column":44}},"11":{"start":{"line":28,"column":26},"end":{"line":28,"column":88}},"12":{"start":{"line":29,"column":24},"end":{"line":29,"column":84}},"13":{"start":{"line":31,"column":32},"end":{"line":33,"column":1}},"14":{"start":{"line":31,"column":46},"end":{"line":33,"column":1}},"15":{"start":{"line":34,"column":36},"end":{"line":36,"column":1}},"16":{"start":{"line":34,"column":48},"end":{"line":36,"column":1}},"17":{"start":{"line":37,"column":38},"end":{"line":37,"column":111}},"18":{"start":{"line":38,"column":35},"end":{"line":38,"column":109}},"19":{"start":{"line":40,"column":32},"end":{"line":44,"column":2}},"20":{"start":{"line":40,"column":47},"end":{"line":44,"column":2}}},"fnMap":{"0":{"name":"(anonymous_0)","decl":{"start":{"line":10,"column":29},"end":{"line":10,"column":30}},"loc":{"start":{"line":10,"column":54},"end":{"line":12,"column":1}},"line":10},"1":{"name":"(anonymous_1)","decl":{"start":{"line":14,"column":37},"end":{"line":14,"column":38}},"loc":{"start":{"line":14,"column":60},"end":{"line":20,"column":1}},"line":14},"2":{"name":"(anonymous_2)","decl":{"start":{"line":15,"column":40},"end":{"line":15,"column":41}},"loc":{"start":{"line":15,"column":55},"end":{"line":17,"column":5}},"line":15},"3":{"name":"(anonymous_3)","decl":{"start":{"line":22,"column":26},"end":{"line":22,"column":27}},"loc":{"start":{"line":22,"column":45},"end":{"line":24,"column":1}},"line":22},"4":{"name":"(anonymous_4)","decl":{"start":{"line":22,"column":45},"end":{"line":22,"column":46}},"loc":{"start":{"line":22,"column":76},"end":{"line":24,"column":1}},"line":22},"5":{"name":"(anonymous_5)","decl":{"start":{"line":22,"column":76},"end":{"line":22,"column":77}},"loc":{"start":{"line":22,"column":95},"end":{"line":24,"column":1}},"line":22},"6":{"name":"(anonymous_6)","decl":{"start":{"line":31,"column":32},"end":{"line":31,"column":33}},"loc":{"start":{"line":31,"column":46},"end":{"line":33,"column":1}},"line":31},"7":{"name":"(anonymous_7)","decl":{"start":{"line":34,"column":36},"end":{"line":34,"column":37}},"loc":{"start":{"line":34,"column":48},"end":{"line":36,"column":1}},"line":34},"8":{"name":"(anonymous_8)","decl":{"start":{"line":40,"column":32},"end":{"line":40,"column":33}},"loc":{"start":{"line":40,"column":47},"end":{"line":44,"column":2}},"line":40}},"branchMap":{"0":{"loc":{"start":{"line":11,"column":11},"end":{"line":11,"column":43}},"type":"cond-expr","locations":[{"start":{"line":11,"column":28},"end":{"line":11,"column":37}},{"start":{"line":11,"column":40},"end":{"line":11,"column":43}}],"line":11},"1":{"loc":{"start":{"line":19,"column":11},"end":{"line":19,"column":73}},"type":"cond-expr","locations":[{"start":{"line":19,"column":34},"end":{"line":19,"column":61}},{"start":{"line":19,"column":64},"end":{"line":19,"column":73}}],"line":19},"2":{"loc":{"start":{"line":23,"column":36},"end":{"line":23,"column":67}},"type":"binary-expr","locations":[{"start":{"line":23,"column":36},"end":{"line":23,"column":49}},{"start":{"line":23,"column":53},"end":{"line":23,"column":67}}],"line":23},"3":{"loc":{"start":{"line":41,"column":15},"end":{"line":41,"column":55}},"type":"binary-expr","locations":[{"start":{"line":41,"column":15},"end":{"line":41,"column":49}},{"start":{"line":41,"column":53},"end":{"line":41,"column":55}}],"line":41},"4":{"loc":{"start":{"line":42,"column":28},"end":{"line":42,"column":74}},"type":"binary-expr","locations":[{"start":{"line":42,"column":28},"end":{"line":42,"column":68}},{"start":{"line":42,"column":72},"end":{"line":42,"column":74}}],"line":42},"5":{"loc":{"start":{"line":43,"column":27},"end":{"line":43,"column":73}},"type":"binary-expr","locations":[{"start":{"line":43,"column":27},"end":{"line":43,"column":67}},{"start":{"line":43,"column":71},"end":{"line":43,"column":73}}],"line":43}},"s":{"0":6,"1":119,"2":6,"3":28,"4":62,"5":28,"6":6,"7":8,"8":55,"9":79,"10":6,"11":6,"12":6,"13":6,"14":8,"15":6,"16":3,"17":6,"18":6,"19":6,"20":5},"f":{"0":119,"1":28,"2":62,"3":8,"4":55,"5":79,"6":8,"7":3,"8":5},"b":{"0":[58,61],"1":[23,5],"2":[79,59],"3":[5,2],"4":[5,2],"5":[5,2]},"_coverageSchema":"332fd63041d2c1bcb487cc26dd0d5f7d97098a6c","hash":"2431d3d898b823351b62f2e6cc2c4f1e9d680c2c"}
,"/Users/kamilwisniewski/Documents/awesome-validation/src/email.js": {"path":"/Users/kamilwisniewski/Documents/awesome-validation/src/email.js","statementMap":{"0":{"start":{"line":7,"column":23},"end":{"line":7,"column":84}},"1":{"start":{"line":9,"column":27},"end":{"line":12,"column":2}}},"fnMap":{},"branchMap":{},"s":{"0":2,"1":2},"f":{},"b":{},"_coverageSchema":"332fd63041d2c1bcb487cc26dd0d5f7d97098a6c","hash":"dc01e4361630f4a81d729074118bf8c44d2160ef"}
,"/Users/kamilwisniewski/Documents/awesome-validation/src/errorMessages.js": {"path":"/Users/kamilwisniewski/Documents/awesome-validation/src/errorMessages.js","statementMap":{},"fnMap":{},"branchMap":{},"s":{},"f":{},"b":{},"_coverageSchema":"332fd63041d2c1bcb487cc26dd0d5f7d97098a6c","hash":"a61c0374dc2d4e794f37498a164eaef5e0bf48fd"}
,"/Users/kamilwisniewski/Documents/awesome-validation/src/firstName.js": {"path":"/Users/kamilwisniewski/Documents/awesome-validation/src/firstName.js","statementMap":{"0":{"start":{"line":3,"column":31},"end":{"line":3,"column":60}}},"fnMap":{},"branchMap":{},"s":{"0":1},"f":{},"b":{},"_coverageSchema":"332fd63041d2c1bcb487cc26dd0d5f7d97098a6c","hash":"04ff881ebd7ffaa063faef7e21b4351ef99c822b"}
,"/Users/kamilwisniewski/Documents/awesome-validation/src/forbiddenAddresses.js": {"path":"/Users/kamilwisniewski/Documents/awesome-validation/src/forbiddenAddresses.js","statementMap":{},"fnMap":{},"branchMap":{},"s":{},"f":{},"b":{},"_coverageSchema":"332fd63041d2c1bcb487cc26dd0d5f7d97098a6c","hash":"c89ca9f619a1dadf77726c7d67aac5764df4e7dc"}
,"/Users/kamilwisniewski/Documents/awesome-validation/src/index.js": {"path":"/Users/kamilwisniewski/Documents/awesome-validation/src/index.js","statementMap":{"0":{"start":{"line":21,"column":35},"end":{"line":26,"column":1}},"1":{"start":{"line":21,"column":55},"end":{"line":26,"column":1}},"2":{"start":{"line":24,"column":8},"end":{"line":24,"column":80}},"3":{"start":{"line":28,"column":23},"end":{"line":33,"column":9}},"4":{"start":{"line":28,"column":43},"end":{"line":33,"column":9}},"5":{"start":{"line":31,"column":8},"end":{"line":31,"column":68}},"6":{"start":{"line":35,"column":26},"end":{"line":37,"column":1}},"7":{"start":{"line":36,"column":4},"end":{"line":36,"column":56}},"8":{"start":{"line":39,"column":27},"end":{"line":49,"column":1}},"9":{"start":{"line":40,"column":26},"end":{"line":40,"column":56}},"10":{"start":{"line":42,"column":4},"end":{"line":48,"column":21}},"11":{"start":{"line":47,"column":27},"end":{"line":47,"column":54}}},"fnMap":{"0":{"name":"(anonymous_0)","decl":{"start":{"line":21,"column":35},"end":{"line":21,"column":36}},"loc":{"start":{"line":21,"column":55},"end":{"line":26,"column":1}},"line":21},"1":{"name":"(anonymous_1)","decl":{"start":{"line":23,"column":13},"end":{"line":23,"column":14}},"loc":{"start":{"line":23,"column":27},"end":{"line":25,"column":5}},"line":23},"2":{"name":"(anonymous_2)","decl":{"start":{"line":28,"column":23},"end":{"line":28,"column":24}},"loc":{"start":{"line":28,"column":43},"end":{"line":33,"column":9}},"line":28},"3":{"name":"(anonymous_3)","decl":{"start":{"line":30,"column":13},"end":{"line":30,"column":14}},"loc":{"start":{"line":30,"column":27},"end":{"line":32,"column":5}},"line":30},"4":{"name":"(anonymous_4)","decl":{"start":{"line":35,"column":26},"end":{"line":35,"column":27}},"loc":{"start":{"line":35,"column":35},"end":{"line":37,"column":1}},"line":35},"5":{"name":"(anonymous_5)","decl":{"start":{"line":39,"column":15},"end":{"line":39,"column":16}},"loc":{"start":{"line":39,"column":27},"end":{"line":49,"column":1}},"line":39},"6":{"name":"(anonymous_6)","decl":{"start":{"line":39,"column":27},"end":{"line":39,"column":28}},"loc":{"start":{"line":39,"column":49},"end":{"line":49,"column":1}},"line":39},"7":{"name":"(anonymous_7)","decl":{"start":{"line":47,"column":14},"end":{"line":47,"column":15}},"loc":{"start":{"line":47,"column":27},"end":{"line":47,"column":54}},"line":47}},"branchMap":{"0":{"loc":{"start":{"line":24,"column":15},"end":{"line":24,"column":79}},"type":"cond-expr","locations":[{"start":{"line":24,"column":43},"end":{"line":24,"column":73}},{"start":{"line":24,"column":76},"end":{"line":24,"column":79}}],"line":24},"1":{"loc":{"start":{"line":31,"column":15},"end":{"line":31,"column":67}},"type":"cond-expr","locations":[{"start":{"line":31,"column":40},"end":{"line":31,"column":61}},{"start":{"line":31,"column":64},"end":{"line":31,"column":67}}],"line":31},"2":{"loc":{"start":{"line":36,"column":11},"end":{"line":36,"column":55}},"type":"cond-expr","locations":[{"start":{"line":36,"column":38},"end":{"line":36,"column":49}},{"start":{"line":36,"column":52},"end":{"line":36,"column":55}}],"line":36}},"s":{"0":1,"1":6,"2":11,"3":1,"4":6,"5":10,"6":1,"7":10,"8":6,"9":6,"10":6,"11":4},"f":{"0":6,"1":11,"2":6,"3":10,"4":10,"5":6,"6":6,"7":4},"b":{"0":[10,1],"1":[1,9],"2":[9,1]},"_coverageSchema":"332fd63041d2c1bcb487cc26dd0d5f7d97098a6c","hash":"602ba84801800fc5b8a33088f9d7e06ad9a13f21"}
,"/Users/kamilwisniewski/Documents/awesome-validation/src/lastName.js": {"path":"/Users/kamilwisniewski/Documents/awesome-validation/src/lastName.js","statementMap":{"0":{"start":{"line":3,"column":30},"end":{"line":3,"column":58}}},"fnMap":{},"branchMap":{},"s":{"0":1},"f":{},"b":{},"_coverageSchema":"332fd63041d2c1bcb487cc26dd0d5f7d97098a6c","hash":"b1dc03c404b0f5778b182e66778c6ca7cbe76716"}
,"/Users/kamilwisniewski/Documents/awesome-validation/src/password.js": {"path":"/Users/kamilwisniewski/Documents/awesome-validation/src/password.js","statementMap":{"0":{"start":{"line":5,"column":33},"end":{"line":11,"column":2}}},"fnMap":{},"branchMap":{},"s":{"0":2},"f":{},"b":{},"_coverageSchema":"332fd63041d2c1bcb487cc26dd0d5f7d97098a6c","hash":"4a303aa41b2fb738fcefc60fb12bcd927e1c9341"}
,"/Users/kamilwisniewski/Documents/awesome-validation/src/phone.js": {"path":"/Users/kamilwisniewski/Documents/awesome-validation/src/phone.js","statementMap":{"0":{"start":{"line":6,"column":29},"end":{"line":6,"column":103}},"1":{"start":{"line":8,"column":33},"end":{"line":11,"column":2}}},"fnMap":{},"branchMap":{},"s":{"0":2,"1":2},"f":{},"b":{},"_coverageSchema":"332fd63041d2c1bcb487cc26dd0d5f7d97098a6c","hash":"67f9ac417c999fad7548c2137b166d0d0262050d"}
,"/Users/kamilwisniewski/Documents/awesome-validation/src/predicates.js": {"path":"/Users/kamilwisniewski/Documents/awesome-validation/src/predicates.js","statementMap":{"0":{"start":{"line":3,"column":29},"end":{"line":3,"column":66}},"1":{"start":{"line":4,"column":30},"end":{"line":4,"column":45}},"2":{"start":{"line":5,"column":30},"end":{"line":5,"column":45}},"3":{"start":{"line":6,"column":25},"end":{"line":6,"column":40}},"4":{"start":{"line":8,"column":26},"end":{"line":8,"column":49}},"5":{"start":{"line":9,"column":32},"end":{"line":9,"column":103}},"6":{"start":{"line":9,"column":50},"end":{"line":9,"column":103}},"7":{"start":{"line":11,"column":39},"end":{"line":11,"column":71}},"8":{"start":{"line":12,"column":32},"end":{"line":14,"column":2}},"9":{"start":{"line":13,"column":4},"end":{"line":13,"column":68}},"10":{"start":{"line":16,"column":36},"end":{"line":18,"column":2}},"11":{"start":{"line":17,"column":4},"end":{"line":17,"column":51}}},"fnMap":{"0":{"name":"(anonymous_0)","decl":{"start":{"line":9,"column":32},"end":{"line":9,"column":33}},"loc":{"start":{"line":9,"column":50},"end":{"line":9,"column":103}},"line":9},"1":{"name":"(anonymous_1)","decl":{"start":{"line":12,"column":40},"end":{"line":12,"column":41}},"loc":{"start":{"line":12,"column":74},"end":{"line":14,"column":1}},"line":12},"2":{"name":"(anonymous_2)","decl":{"start":{"line":16,"column":44},"end":{"line":16,"column":45}},"loc":{"start":{"line":16,"column":64},"end":{"line":18,"column":1}},"line":16}},"branchMap":{"0":{"loc":{"start":{"line":13,"column":11},"end":{"line":13,"column":67}},"type":"binary-expr","locations":[{"start":{"line":13,"column":11},"end":{"line":13,"column":37}},{"start":{"line":13,"column":41},"end":{"line":13,"column":67}}],"line":13},"1":{"loc":{"start":{"line":17,"column":11},"end":{"line":17,"column":50}},"type":"cond-expr","locations":[{"start":{"line":17,"column":20},"end":{"line":17,"column":43}},{"start":{"line":17,"column":46},"end":{"line":17,"column":50}}],"line":17}},"s":{"0":6,"1":6,"2":6,"3":6,"4":6,"5":6,"6":6,"7":6,"8":6,"9":12,"10":6,"11":3},"f":{"0":6,"1":12,"2":3},"b":{"0":[12,5],"1":[2,1]},"_coverageSchema":"332fd63041d2c1bcb487cc26dd0d5f7d97098a6c","hash":"3845ad5c8a7ab8cf571244641cfc2e479f3a7840"}
,"/Users/kamilwisniewski/Documents/awesome-validation/src/website.js": {"path":"/Users/kamilwisniewski/Documents/awesome-validation/src/website.js","statementMap":{"0":{"start":{"line":7,"column":29},"end":{"line":9,"column":1}},"1":{"start":{"line":8,"column":4},"end":{"line":8,"column":92}},"2":{"start":{"line":8,"column":51},"end":{"line":8,"column":90}},"3":{"start":{"line":10,"column":26},"end":{"line":14,"column":1}},"4":{"start":{"line":11,"column":32},"end":{"line":11,"column":55}},"5":{"start":{"line":13,"column":4},"end":{"line":13,"column":93}},"6":{"start":{"line":13,"column":52},"end":{"line":13,"column":91}},"7":{"start":{"line":16,"column":28},"end":{"line":22,"column":1}},"8":{"start":{"line":17,"column":4},"end":{"line":19,"column":5}},"9":{"start":{"line":18,"column":8},"end":{"line":18,"column":20}},"10":{"start":{"line":21,"column":4},"end":{"line":21,"column":75}},"11":{"start":{"line":24,"column":33},"end":{"line":24,"column":99}},"12":{"start":{"line":25,"column":30},"end":{"line":25,"column":91}},"13":{"start":{"line":26,"column":29},"end":{"line":26,"column":91}},"14":{"start":{"line":28,"column":29},"end":{"line":32,"column":2}}},"fnMap":{"0":{"name":"(anonymous_0)","decl":{"start":{"line":7,"column":29},"end":{"line":7,"column":30}},"loc":{"start":{"line":7,"column":40},"end":{"line":9,"column":1}},"line":7},"1":{"name":"(anonymous_1)","decl":{"start":{"line":8,"column":36},"end":{"line":8,"column":37}},"loc":{"start":{"line":8,"column":51},"end":{"line":8,"column":90}},"line":8},"2":{"name":"(anonymous_2)","decl":{"start":{"line":10,"column":26},"end":{"line":10,"column":27}},"loc":{"start":{"line":10,"column":37},"end":{"line":14,"column":1}},"line":10},"3":{"name":"(anonymous_3)","decl":{"start":{"line":13,"column":37},"end":{"line":13,"column":38}},"loc":{"start":{"line":13,"column":52},"end":{"line":13,"column":91}},"line":13},"4":{"name":"(anonymous_4)","decl":{"start":{"line":16,"column":28},"end":{"line":16,"column":29}},"loc":{"start":{"line":16,"column":39},"end":{"line":22,"column":1}},"line":16}},"branchMap":{"0":{"loc":{"start":{"line":17,"column":4},"end":{"line":19,"column":5}},"type":"if","locations":[{"start":{"line":17,"column":4},"end":{"line":19,"column":5}},{"start":{"line":17,"column":4},"end":{"line":19,"column":5}}],"line":17}},"s":{"0":2,"1":7,"2":275,"3":2,"4":6,"5":6,"6":18,"7":2,"8":7,"9":1,"10":6,"11":2,"12":2,"13":2,"14":2},"f":{"0":7,"1":275,"2":6,"3":18,"4":7},"b":{"0":[1,6]},"_coverageSchema":"332fd63041d2c1bcb487cc26dd0d5f7d97098a6c","hash":"151a819c6ffb3095c1cce713e59768ca66fb4dc5"}
,"/Users/kamilwisniewski/Documents/awesome-validation/src/regexes/index.js": {"path":"/Users/kamilwisniewski/Documents/awesome-validation/src/regexes/index.js","statementMap":{"0":{"start":{"line":1,"column":27},"end":{"line":1,"column":77}},"1":{"start":{"line":2,"column":28},"end":{"line":2,"column":35}},"2":{"start":{"line":3,"column":34},"end":{"line":3,"column":52}},"3":{"start":{"line":4,"column":36},"end":{"line":4,"column":49}},"4":{"start":{"line":5,"column":33},"end":{"line":5,"column":41}}},"fnMap":{},"branchMap":{},"s":{"0":6,"1":6,"2":6,"3":6,"4":6},"f":{},"b":{},"_coverageSchema":"332fd63041d2c1bcb487cc26dd0d5f7d97098a6c","hash":"be90ef0894bfb8051e3ece4b7bdd162c7d371745"}
}
