TN:
SF:/Users/kamilwisniewski/Documents/awesome-validation/src/comment.js
FNF:0
FNH:0
DA:4,2
LF:1
LH:1
BRF:0
BRH:0
end_of_record
TN:
SF:/Users/kamilwisniewski/Documents/awesome-validation/src/common.js
FN:10,(anonymous_0)
FN:14,(anonymous_1)
FN:15,(anonymous_2)
FN:22,(anonymous_3)
FN:22,(anonymous_4)
FN:22,(anonymous_5)
FN:31,(anonymous_6)
FN:34,(anonymous_7)
FN:40,(anonymous_8)
FNF:9
FNH:9
FNDA:119,(anonymous_0)
FNDA:28,(anonymous_1)
FNDA:62,(anonymous_2)
FNDA:8,(anonymous_3)
FNDA:55,(anonymous_4)
FNDA:79,(anonymous_5)
FNDA:8,(anonymous_6)
FNDA:3,(anonymous_7)
FNDA:5,(anonymous_8)
DA:10,6
DA:11,119
DA:14,6
DA:15,28
DA:16,62
DA:19,28
DA:22,55
DA:23,79
DA:26,6
DA:28,6
DA:29,6
DA:31,8
DA:34,6
DA:37,6
DA:38,6
DA:40,6
LF:16
LH:16
BRDA:11,0,0,58
BRDA:11,0,1,61
BRDA:19,1,0,23
BRDA:19,1,1,5
BRDA:23,2,0,79
BRDA:23,2,1,59
BRDA:41,3,0,5
BRDA:41,3,1,2
BRDA:42,4,0,5
BRDA:42,4,1,2
BRDA:43,5,0,5
BRDA:43,5,1,2
BRF:12
BRH:12
end_of_record
TN:
SF:/Users/kamilwisniewski/Documents/awesome-validation/src/email.js
FNF:0
FNH:0
DA:7,2
DA:9,2
LF:2
LH:2
BRF:0
BRH:0
end_of_record
TN:
SF:/Users/kamilwisniewski/Documents/awesome-validation/src/errorMessages.js
FNF:0
FNH:0
LF:0
LH:0
BRF:0
BRH:0
end_of_record
TN:
SF:/Users/kamilwisniewski/Documents/awesome-validation/src/firstName.js
FNF:0
FNH:0
DA:3,1
LF:1
LH:1
BRF:0
BRH:0
end_of_record
TN:
SF:/Users/kamilwisniewski/Documents/awesome-validation/src/forbiddenAddresses.js
FNF:0
FNH:0
LF:0
LH:0
BRF:0
BRH:0
end_of_record
TN:
SF:/Users/kamilwisniewski/Documents/awesome-validation/src/index.js
FN:21,(anonymous_0)
FN:23,(anonymous_1)
FN:28,(anonymous_2)
FN:30,(anonymous_3)
FN:35,(anonymous_4)
FN:39,(anonymous_5)
FN:39,(anonymous_6)
FN:47,(anonymous_7)
FNF:8
FNH:8
FNDA:6,(anonymous_0)
FNDA:11,(anonymous_1)
FNDA:6,(anonymous_2)
FNDA:10,(anonymous_3)
FNDA:10,(anonymous_4)
FNDA:6,(anonymous_5)
FNDA:6,(anonymous_6)
FNDA:4,(anonymous_7)
DA:21,6
DA:24,11
DA:28,6
DA:31,10
DA:35,1
DA:36,10
DA:39,6
DA:40,6
DA:42,6
DA:47,4
LF:10
LH:10
BRDA:24,0,0,10
BRDA:24,0,1,1
BRDA:31,1,0,1
BRDA:31,1,1,9
BRDA:36,2,0,9
BRDA:36,2,1,1
BRF:6
BRH:6
end_of_record
TN:
SF:/Users/kamilwisniewski/Documents/awesome-validation/src/lastName.js
FNF:0
FNH:0
DA:3,1
LF:1
LH:1
BRF:0
BRH:0
end_of_record
TN:
SF:/Users/kamilwisniewski/Documents/awesome-validation/src/password.js
FNF:0
FNH:0
DA:5,2
LF:1
LH:1
BRF:0
BRH:0
end_of_record
TN:
SF:/Users/kamilwisniewski/Documents/awesome-validation/src/phone.js
FNF:0
FNH:0
DA:6,2
DA:8,2
LF:2
LH:2
BRF:0
BRH:0
end_of_record
TN:
SF:/Users/kamilwisniewski/Documents/awesome-validation/src/predicates.js
FN:9,(anonymous_0)
FN:12,(anonymous_1)
FN:16,(anonymous_2)
FNF:3
FNH:3
FNDA:6,(anonymous_0)
FNDA:12,(anonymous_1)
FNDA:3,(anonymous_2)
DA:3,6
DA:4,6
DA:5,6
DA:6,6
DA:8,6
DA:9,6
DA:11,6
DA:12,6
DA:13,12
DA:16,6
DA:17,3
LF:11
LH:11
BRDA:13,0,0,12
BRDA:13,0,1,5
BRDA:17,1,0,2
BRDA:17,1,1,1
BRF:4
BRH:4
end_of_record
TN:
SF:/Users/kamilwisniewski/Documents/awesome-validation/src/website.js
FN:7,(anonymous_0)
FN:8,(anonymous_1)
FN:10,(anonymous_2)
FN:13,(anonymous_3)
FN:16,(anonymous_4)
FNF:5
FNH:5
FNDA:7,(anonymous_0)
FNDA:275,(anonymous_1)
FNDA:6,(anonymous_2)
FNDA:18,(anonymous_3)
FNDA:7,(anonymous_4)
DA:7,2
DA:8,275
DA:10,2
DA:11,6
DA:13,18
DA:16,2
DA:17,7
DA:18,1
DA:21,6
DA:24,2
DA:25,2
DA:26,2
DA:28,2
LF:13
LH:13
BRDA:17,0,0,1
BRDA:17,0,1,6
BRF:2
BRH:2
end_of_record
TN:
SF:/Users/kamilwisniewski/Documents/awesome-validation/src/regexes/index.js
FNF:0
FNH:0
DA:1,6
DA:2,6
DA:3,6
DA:4,6
DA:5,6
LF:5
LH:5
BRF:0
BRH:0
end_of_record
